
## 📅 2025년 10월 15일 개발 로그
**작성 시간**: 2025년 10월 15일 12:22
**작성자**: AI Assistant
**현재 상태**: 어제 이어서 개발 세션 시작

### 📊 어제 완료된 작업들 (2025-10-14)
✅ Self-host형 Supabase 설계서 분석 및 아키텍처 설계 완료
✅ Supabase Docker Compose 구성 완료 (PostgreSQL, Auth, Storage, Realtime, Kong Gateway)
✅ RLS(Row Level Security) 보안 정책 설정 완료
✅ 프론트엔드 Mock 인증 시스템 구현 완료
✅ 백엔드 Filter Service 완전 복구 및 안정화
✅ 프롬프트 필터링 기능 정상 작동 확인 (안전/악성 프롬프트 처리)
✅ 전체 시스템 핵심 기능 작동 확인

### 🎯 오늘의 주요 목표
1. Supabase 환경 변수 수정 및 완전 구축
2. 프론트엔드에서 실제 Supabase 연동 테스트
3. 전체 시스템 통합 테스트 및 최종 검증
4. 성능 최적화 및 보안 강화

### 🔧 현재 시스템 상태 확인 필요
- Supabase Auth/Storage 서비스 상태
- 프론트엔드-Supabase 연동 상태
- 전체 컨테이너 상태
- API 응답 및 성능 상태

### 🚀 다음 단계
1. 현재 시스템 상태 확인
2. Supabase 환경 변수 수정
3. 실제 Supabase 연동 테스트
4. 전체 시스템 통합 테스트

### Supabase 문제 해결 시나리오 (2025년 10월 15일 12:44)

## 🔍 문제 현황 분석
- Supabase Auth: 재시작 중 (데이터베이스 연결 실패)
- Supabase Storage: 재시작 중 (데이터베이스 연결 실패)
- Supabase DB: 정상 작동 (healthy)
- 네트워크 연결 문제 또는 데이터베이스 마이그레이션 실패 추정

## 📋 해결 시나리오 (단계별)

### 1단계: 문제 진단 및 로그 분석
- Supabase Auth/Storage 로그 상세 확인
- 데이터베이스 네트워크 연결 상태 확인
- 컨테이너 간 네트워크 연결 테스트
- 데이터베이스 마이그레이션 상태 확인

### 2단계: 네트워크 문제 해결
- Docker 네트워크 설정 확인 및 정리
- 컨테이너 IP 주소 및 네트워크 매핑 확인
- 네트워크 재구성 (필요시)

### 3단계: 데이터베이스 마이그레이션 문제 해결
- Supabase 스키마 및 초기화 스크립트 확인
- 데이터베이스 권한 및 사용자 설정 확인
- 마이그레이션 스크립트 수정 (필요시)

### 4단계: 서비스 재시작 및 검증
- 순차적 서비스 재시작 (DB → Auth → Storage)
- 각 서비스별 상태 확인
- API 엔드포인트 테스트

### 5단계: 프론트엔드 연동 테스트
- Supabase 클라이언트 설정 확인
- 실제 Supabase 연동 테스트
- Mock 모드에서 실제 모드로 전환

## 🎯 예상 결과
- Supabase Auth/Storage 정상 작동
- 프론트엔드-Supabase 실제 연동 완료
- 전체 시스템 안정화

## ⚠️ 주의사항
- 각 단계별로 결과 확인 후 다음 단계 진행
- 문제 발생 시 이전 단계로 롤백 가능하도록 준비
- 데이터 손실 방지를 위한 백업 고려

---

## 🎉 오늘 완료된 작업들 (2025년 10월 15일 오후)

### ✅ Supabase 문제 해결 완료
- **문제**: Supabase Auth/Storage 서비스가 데이터베이스 연결 실패로 재시작 중
- **원인**: PostgreSQL `listen_addresses` 설정이 `localhost`로 제한되어 컨테이너 간 연결 차단
- **해결**: PostgreSQL 설정을 `listen_addresses = '*'`로 변경하여 모든 인터페이스에서 접근 허용
- **결과**: Supabase 모든 서비스 정상 작동 확인

### ✅ 프론트엔드 포트 문제 해결
- **문제**: 프론트엔드가 외부에서 접근 불가 (HTTP Status: 000)
- **원인**: `Dockerfile.frontend`에서 `EXPOSE 8080`으로 설정했지만 Next.js는 기본적으로 3000 포트 사용
- **해결**: `Dockerfile.frontend`를 `EXPOSE 3000`으로 수정, `docker-compose.yml` 포트 매핑을 `3001:3000`으로 변경
- **결과**: 프론트엔드 정상 접근 가능 (http://localhost:3001)

### ✅ AllServiceFlow.md 문서 완성
- **목적**: 전체 Docker Compose 서비스들의 빌드, 시작, 체크, 중지 순서 정리
- **내용**: 
  - 4단계 서비스 시작 순서 (공통 인프라 → Supabase → PromptGate → 기타 마이크로서비스)
  - 서비스 그룹별 상세 정보 및 포트 매핑
  - 개발/프로덕션 환경별 운영 가이드
  - 문제 해결 가이드 및 로그 확인 방법
- **파일 위치**: `~/AiGov/AllServiceFlow.md` (300라인)

### ✅ Docker Compose 실행 순서 명확화
- **Phase 1**: 공통 인프라 서비스 (`database/docker-compose.yml`) - PostgreSQL, Redis, Elasticsearch, Qdrant, Kibana
- **Phase 2**: Supabase 서비스 (`database/supabase-docker-compose.yml`) - Self-host 인증 및 데이터베이스
- **Phase 3**: PromptGate 서비스 (`PromptGate/docker-compose.yml`) - 핵심 보안 필터링
- **Phase 4**: 기타 마이크로서비스 (루트 `docker-compose.yml`) - DashIQ, ShadowEye, TrustLLM, SolMan

### 🔧 현재 시스템 상태
- **공통 인프라**: 정상 작동 (aigov_postgres, aigov_redis, aigov_elasticsearch, aigov_qdrant, aigov_kibana)
- **Supabase**: 정상 작동 (supabase-db, supabase-auth, supabase-rest, supabase-realtime, supabase-storage, supabase-kong)
- **PromptGate**: 정상 작동 (promptgate_filter-service, promptgate_frontend, promptgate_opa, pii-detector)
- **프론트엔드**: 정상 접근 가능 (http://localhost:3001)
- **백엔드 API**: 정상 작동 (http://localhost:8001)

### 📊 오늘의 성과
- ✅ Supabase Self-host 환경 완전 구축
- ✅ 프론트엔드-백엔드 연동 안정화
- ✅ 전체 서비스 플로우 문서화 완료
- ✅ Docker Compose 실행 순서 최적화
- ✅ 시스템 아키텍처 명확화

### 🎯 다음 개발 계획
1. **기타 마이크로서비스 구축**: DashIQ, ShadowEye, TrustLLM, SolMan 서비스 개발
2. **통합 테스트**: 전체 시스템 엔드투엔드 테스트
3. **성능 최적화**: 응답 시간 및 리소스 사용량 최적화
4. **보안 강화**: 추가 보안 정책 및 모니터링 구현

### 📝 개발 세션 종료
**종료 시간**: 2025년 10월 15일 오후
**다음 업데이트**: 내일 개발 세션 시작 시
**현재 상태**: 핵심 시스템 안정화 완료, 문서화 완료
